<?xml version="1.0" encoding="UTF-8"?>
<testsuite name="linkedList.MainTest" tests="1" skipped="0" failures="0" errors="0" timestamp="2021-10-08T23:54:21" hostname="LTUCSTUDENT-L106" time="0.065">
  <properties/>
  <testcase name="instantiateLinkedList()" classname="linkedList.MainTest" time="0.065"/>
  <system-out><![CDATA[]]></system-out>
  <system-err><![CDATA[]]></system-err>
</testsuite>
